TN:
SF:src/polyfills.ts
FNF:0
FNH:0
LF:0
LH:0
BRF:0
BRH:0
end_of_record
TN:
SF:src/test.ts
FNF:0
FNH:0
DA:18,1
DA:23,1
DA:25,1
LF:3
LH:3
BRF:0
BRH:0
end_of_record
TN:
SF:src/app/app.component.ts
FNF:0
FNH:0
DA:8,1
DA:9,2
LF:2
LH:2
BRF:0
BRH:0
end_of_record
TN:
SF:src/app/components/cities-list/cities-list.component.ts
FN:17,(anonymous_0)
FN:21,(anonymous_1)
FN:25,(anonymous_3)
FN:39,(anonymous_5)
FN:48,(anonymous_7)
FN:57,(anonymous_9)
FN:80,(anonymous_10)
FN:81,(anonymous_11)
FNF:8
FNH:3
FNDA:3,(anonymous_0)
FNDA:4,(anonymous_1)
FNDA:6,(anonymous_3)
FNDA:0,(anonymous_5)
FNDA:0,(anonymous_7)
FNDA:0,(anonymous_9)
FNDA:0,(anonymous_10)
FNDA:0,(anonymous_11)
DA:9,1
DA:11,3
DA:15,3
DA:18,3
DA:22,4
DA:26,6
DA:27,6
DA:28,6
DA:29,6
DA:30,0
DA:31,0
DA:32,0
DA:34,6
DA:35,6
DA:40,0
DA:41,0
DA:43,0
DA:44,0
DA:49,0
DA:50,0
DA:52,0
DA:55,0
DA:57,0
DA:58,0
DA:59,0
DA:60,0
DA:61,0
DA:62,0
DA:65,0
DA:68,0
DA:70,0
DA:71,0
DA:73,0
DA:75,0
DA:76,0
DA:81,0
DA:82,0
DA:83,0
LF:38
LH:11
BRDA:59,0,0,0
BRDA:59,0,1,0
BRDA:61,1,0,0
BRDA:61,1,1,0
BRDA:82,2,0,0
BRDA:82,2,1,0
BRDA:82,3,0,0
BRDA:82,3,1,0
BRDA:83,4,0,0
BRDA:83,4,1,0
BRDA:83,5,0,0
BRDA:83,5,1,0
BRF:12
BRH:0
end_of_record
TN:
SF:src/app/components/city-weather/city-weather.component.ts
FN:12,(anonymous_0)
FN:17,(anonymous_1)
FN:21,(anonymous_2)
FNF:3
FNH:2
FNDA:1,(anonymous_0)
FNDA:1,(anonymous_1)
FNDA:0,(anonymous_2)
DA:9,1
DA:10,1
DA:13,1
DA:18,1
DA:22,0
DA:23,0
DA:24,0
LF:7
LH:4
BRF:0
BRH:0
end_of_record
TN:
SF:src/app/services/weather.service.ts
FN:12,(anonymous_0)
FN:14,(anonymous_1)
FN:18,(anonymous_2)
FN:23,(anonymous_3)
FNF:4
FNH:2
FNDA:3,(anonymous_0)
FNDA:1,(anonymous_1)
FNDA:0,(anonymous_2)
FNDA:0,(anonymous_3)
DA:8,1
DA:9,3
DA:10,3
DA:12,3
DA:15,1
DA:19,0
DA:20,0
DA:24,0
DA:25,0
LF:9
LH:5
BRF:0
BRH:0
end_of_record
TN:
SF:src/app/shared/loader/loader.component.ts
FN:10,(anonymous_0)
FN:12,(anonymous_1)
FNF:2
FNH:2
FNDA:1,(anonymous_0)
FNDA:1,(anonymous_1)
DA:8,1
LF:1
LH:1
BRF:0
BRH:0
end_of_record
